c:\users\kasper\downloads\cs2-dma-software-main\cs2-dma-software-main\cs2\kasper\x64\release\vc143.pdb
c:\users\kasper\downloads\cs2-dma-software-main\cs2-dma-software-main\cs2\kasper\x64\release\imgui_tables.obj
c:\users\kasper\downloads\cs2-dma-software-main\cs2-dma-software-main\cs2\kasper\x64\release\imgui_impl_win32.obj
c:\users\kasper\downloads\cs2-dma-software-main\cs2-dma-software-main\cs2\kasper\x64\release\imgui_impl_dx11.obj
c:\users\kasper\downloads\cs2-dma-software-main\cs2-dma-software-main\cs2\kasper\x64\release\imgui_draw.obj
c:\users\kasper\downloads\cs2-dma-software-main\cs2-dma-software-main\cs2\kasper\x64\release\imgui_demo.obj
c:\users\kasper\downloads\cs2-dma-software-main\cs2-dma-software-main\cs2\kasper\x64\release\imgui.obj
c:\users\kasper\downloads\cs2-dma-software-main\cs2-dma-software-main\cs2\kasper\x64\release\sha512.obj
c:\users\kasper\downloads\cs2-dma-software-main\cs2-dma-software-main\cs2\kasper\x64\release\kmboxnetplusmanager.obj
c:\users\kasper\downloads\cs2-dma-software-main\cs2-dma-software-main\cs2\kasper\x64\release\kmboxnetplus.obj
c:\users\kasper\downloads\cs2-dma-software-main\cs2-dma-software-main\cs2\kasper\x64\release\kmboxnetmanager.obj
c:\users\kasper\downloads\cs2-dma-software-main\cs2-dma-software-main\cs2\kasper\x64\release\kmboxb.obj
c:\users\kasper\downloads\cs2-dma-software-main\cs2-dma-software-main\cs2\kasper\x64\release\main.obj
c:\users\kasper\downloads\cs2-dma-software-main\cs2-dma-software-main\cs2\kasper\x64\release\cheatsthread.obj
c:\users\kasper\downloads\cs2-dma-software-main\cs2-dma-software-main\cs2\kasper\x64\release\triggerbot.obj
c:\users\kasper\downloads\cs2-dma-software-main\cs2-dma-software-main\cs2\kasper\x64\release\offsets.obj
c:\users\kasper\downloads\cs2-dma-software-main\cs2-dma-software-main\cs2\kasper\x64\release\globalvars.obj
c:\users\kasper\downloads\cs2-dma-software-main\cs2-dma-software-main\cs2\kasper\x64\release\game.obj
c:\users\kasper\downloads\cs2-dma-software-main\cs2-dma-software-main\cs2\kasper\x64\release\entity.obj
c:\users\kasper\downloads\cs2-dma-software-main\cs2-dma-software-main\cs2\kasper\x64\release\cheats.obj
c:\users\kasper\downloads\cs2-dma-software-main\cs2-dma-software-main\cs2\kasper\x64\release\bone.obj
c:\users\kasper\downloads\cs2-dma-software-main\cs2-dma-software-main\cs2\kasper\x64\release\configsaver.obj
c:\users\kasper\downloads\cs2-dma-software-main\cs2-dma-software-main\cs2\kasper\x64\release\configmenu.obj
c:\users\kasper\downloads\cs2-dma-software-main\cs2-dma-software-main\cs2\kasper\x64\release\settingsmanager.obj
c:\users\kasper\downloads\cs2-dma-software-main\cs2-dma-software-main\cs2\kasper\x64\release\radar.obj
c:\users\kasper\downloads\cs2-dma-software-main\cs2-dma-software-main\cs2\kasper\x64\release\os-imgui_external.obj
c:\users\kasper\downloads\cs2-dma-software-main\cs2-dma-software-main\cs2\kasper\x64\release\os-imgui_base.obj
c:\users\kasper\downloads\cs2-dma-software-main\cs2-dma-software-main\cs2\kasper\x64\release\os-imgui.obj
c:\users\kasper\downloads\cs2-dma-software-main\cs2-dma-software-main\cs2\kasper\x64\release\imgui_widgets.obj
c:\users\kasper\downloads\cs2-dma-software-main\cs2-dma-software-main\cs2\x64\release\kasper.exe
c:\users\kasper\downloads\cs2-dma-software-main\cs2-dma-software-main\cs2\x64\release\kasper.pdb
c:\users\kasper\downloads\cs2-dma-software-main\cs2-dma-software-main\cs2\kasper\x64\release\kasper.iobj
c:\users\kasper\downloads\cs2-dma-software-main\cs2-dma-software-main\cs2\kasper\x64\release\kasper.tlog\cl.command.1.tlog
c:\users\kasper\downloads\cs2-dma-software-main\cs2-dma-software-main\cs2\kasper\x64\release\kasper.tlog\cl.items.tlog
c:\users\kasper\downloads\cs2-dma-software-main\cs2-dma-software-main\cs2\kasper\x64\release\kasper.tlog\cl.read.1.tlog
c:\users\kasper\downloads\cs2-dma-software-main\cs2-dma-software-main\cs2\kasper\x64\release\kasper.tlog\cl.write.1.tlog
c:\users\kasper\downloads\cs2-dma-software-main\cs2-dma-software-main\cs2\kasper\x64\release\kasper.tlog\link.command.1.tlog
c:\users\kasper\downloads\cs2-dma-software-main\cs2-dma-software-main\cs2\kasper\x64\release\kasper.tlog\link.read.1.tlog
c:\users\kasper\downloads\cs2-dma-software-main\cs2-dma-software-main\cs2\kasper\x64\release\kasper.tlog\link.secondary.1.tlog
c:\users\kasper\downloads\cs2-dma-software-main\cs2-dma-software-main\cs2\kasper\x64\release\kasper.tlog\link.write.1.tlog
